<?xml version="1.0" encoding="UTF-8"?>
<testsuite xmlns:xsi="http://www.w3.org/2001/XMLSchema-instance" xsi:noNamespaceSchemaLocation="https://maven.apache.org/surefire/maven-surefire-plugin/xsd/surefire-test-report.xsd" version="3.0.2" name="com.example.carins.CarControllerValidationTests" time="10.935" tests="4" errors="0" skipped="0" failures="0">
  <properties>
[...]
</properties>
  <testcase name="insuranceValid_returns404_whenCarMissing" classname="com.example.carins.CarControllerValidationTests" time="0.782">
    <system-out><![CDATA[14:50:09.579 [main] INFO org.springframework.test.context.support.AnnotationConfigContextLoaderUtils -- Could not detect default configuration classes for test class [com.example.carins.CarControllerValidationTests]: CarControllerValidationTests does not declare any static, non-private, non-final, nested classes annotated with @Configuration.
14:50:10.021 [main] INFO org.springframework.boot.test.context.SpringBootTestContextBootstrapper -- Found @SpringBootConfiguration com.example.carins.CarInsuranceApplication for test class com.example.carins.CarControllerValidationTests

  .   ____          _            __ _ _
 /\\ / ___'_ __ _ _(_)_ __  __ _ \ \ \ \
( ( )\___ | '_ | '_| | '_ \/ _` | \ \ \ \
 \\/  ___)| |_)| | | | | || (_| |  ) ) ) )
  '  |____| .__|_| |_|_| |_\__, | / / / /
 =========|_|==============|___/=/_/_/_/

 :: Spring Boot ::                (v3.4.3)

2025-08-28T14:50:11.654+03:00  INFO 13808 --- [           main] c.e.carins.CarControllerValidationTests  : Starting CarControllerValidationTests using Java 21.0.8 with PID 13808 (started by 2021 august in C:\Users\2021 august\Downloads\junior-java-test 1 1)
2025-08-28T14:50:11.658+03:00  INFO 13808 --- [           main] c.e.carins.CarControllerValidationTests  : No active profile set, falling back to 1 default profile: "default"
2025-08-28T14:50:18.892+03:00  INFO 13808 --- [           main] o.s.b.t.m.w.SpringBootMockServletContext : Initializing Spring TestDispatcherServlet ''
2025-08-28T14:50:18.892+03:00  INFO 13808 --- [           main] o.s.t.web.servlet.TestDispatcherServlet  : Initializing Servlet ''
2025-08-28T14:50:18.908+03:00  INFO 13808 --- [           main] o.s.t.web.servlet.TestDispatcherServlet  : Completed initialization in 0 ms
2025-08-28T14:50:19.050+03:00  INFO 13808 --- [           main] c.e.carins.CarControllerValidationTests  : Started CarControllerValidationTests in 8.644 seconds (process running for 12.53)
]]></system-out>
    <system-err><![CDATA[Mockito is currently self-attaching to enable the inline-mock-maker. This will no longer work in future releases of the JDK. Please add Mockito as an agent to your build what is described in Mockito's documentation: https://javadoc.io/doc/org.mockito/mockito-core/latest/org/mockito/Mockito.html#0.3
WARNING: A Java agent has been loaded dynamically (C:\Users\2021 august\.m2\repository\net\bytebuddy\byte-buddy-agent\1.15.11\byte-buddy-agent-1.15.11.jar)
WARNING: If a serviceability tool is in use, please run with -XX:+EnableDynamicAgentLoading to hide this warning
WARNING: If a serviceability tool is not in use, please run with -Djdk.instrument.traceUsage for more information
WARNING: Dynamic loading of agents will be disallowed by default in a future release
]]></system-err>
  </testcase>
  <testcase name="insuranceValid_returns400_whenDateBadFormat" classname="com.example.carins.CarControllerValidationTests" time="0.044"/>
  <testcase name="insuranceValid_returns400_whenDateOutOfRange" classname="com.example.carins.CarControllerValidationTests" time="0.016"/>
  <testcase name="insuranceValid_ok" classname="com.example.carins.CarControllerValidationTests" time="0.031"/>
</testsuite>