<?xml version="1.0" encoding="UTF-8"?>
<testsuite xmlns:xsi="http://www.w3.org/2001/XMLSchema-instance" xsi:noNamespaceSchemaLocation="https://maven.apache.org/surefire/maven-surefire-plugin/xsd/surefire-test-report.xsd" version="3.0.2" name="com.example.carins.PolicyControllerTests" time="3.915" tests="2" errors="0" skipped="0" failures="0">
  <properties>
[...]
</properties>
  <testcase name="createPolicy_forUnknownCar_returns404" classname="com.example.carins.PolicyControllerTests" time="0.555">
    <system-out><![CDATA[2025-08-28T14:50:32.993+03:00  INFO 13808 --- [           main] t.c.s.AnnotationConfigContextLoaderUtils : Could not detect default configuration classes for test class [com.example.carins.PolicyControllerTests]: PolicyControllerTests does not declare any static, non-private, non-final, nested classes annotated with @Configuration.
2025-08-28T14:50:33.031+03:00  INFO 13808 --- [           main] .b.t.c.SpringBootTestContextBootstrapper : Found @SpringBootConfiguration com.example.carins.CarInsuranceApplication for test class com.example.carins.PolicyControllerTests

  .   ____          _            __ _ _
 /\\ / ___'_ __ _ _(_)_ __  __ _ \ \ \ \
( ( )\___ | '_ | '_| | '_ \/ _` | \ \ \ \
 \\/  ___)| |_)| | | | | || (_| |  ) ) ) )
  '  |____| .__|_| |_|_| |_\__, | / / / /
 =========|_|==============|___/=/_/_/_/

 :: Spring Boot ::                (v3.4.3)

2025-08-28T14:50:33.166+03:00  INFO 13808 --- [           main] c.example.carins.PolicyControllerTests   : Starting PolicyControllerTests using Java 21.0.8 with PID 13808 (started by 2021 august in C:\Users\2021 august\Downloads\junior-java-test 1 1)
2025-08-28T14:50:33.166+03:00  INFO 13808 --- [           main] c.example.carins.PolicyControllerTests   : No active profile set, falling back to 1 default profile: "default"
2025-08-28T14:50:33.935+03:00  INFO 13808 --- [           main] .s.d.r.c.RepositoryConfigurationDelegate : Bootstrapping Spring Data JPA repositories in DEFAULT mode.
2025-08-28T14:50:33.971+03:00  INFO 13808 --- [           main] .s.d.r.c.RepositoryConfigurationDelegate : Finished Spring Data repository scanning in 33 ms. Found 4 JPA repository interfaces.
2025-08-28T14:50:34.255+03:00  INFO 13808 --- [           main] o.hibernate.jpa.internal.util.LogHelper  : HHH000204: Processing PersistenceUnitInfo [name: default]
2025-08-28T14:50:34.263+03:00  INFO 13808 --- [           main] o.h.c.internal.RegionFactoryInitiator    : HHH000026: Second-level cache disabled
2025-08-28T14:50:34.282+03:00  INFO 13808 --- [           main] o.s.o.j.p.SpringPersistenceUnitInfo      : No LoadTimeWeaver setup: ignoring JPA class transformer
2025-08-28T14:50:34.282+03:00  INFO 13808 --- [           main] com.zaxxer.hikari.HikariDataSource       : HikariPool-2 - Starting...
2025-08-28T14:50:34.282+03:00  INFO 13808 --- [           main] com.zaxxer.hikari.pool.HikariPool        : HikariPool-2 - Added connection conn10: url=jdbc:h2:mem:carins user=SA
2025-08-28T14:50:34.282+03:00  INFO 13808 --- [           main] com.zaxxer.hikari.HikariDataSource       : HikariPool-2 - Start completed.
2025-08-28T14:50:34.282+03:00  INFO 13808 --- [           main] org.hibernate.orm.connections.pooling    : HHH10001005: Database info:
	Database JDBC URL [Connecting through datasource 'HikariDataSource (HikariPool-2)']
	Database driver: undefined/unknown
	Database version: 2.3.232
	Autocommit mode: undefined/unknown
	Isolation level: undefined/unknown
	Minimum pool size: undefined/unknown
	Maximum pool size: undefined/unknown
2025-08-28T14:50:34.613+03:00  INFO 13808 --- [           main] o.h.e.t.j.p.i.JtaPlatformInitiator       : HHH000489: No JTA platform available (set 'hibernate.transaction.jta.platform' to enable JTA platform integration)
2025-08-28T14:50:34.613+03:00 DEBUG 13808 --- [           main] org.hibernate.SQL                        : 
    drop table if exists car cascade 
Hibernate: 
    drop table if exists car cascade 
2025-08-28T14:50:34.628+03:00 DEBUG 13808 --- [           main] org.hibernate.SQL                        : 
    drop table if exists insuranceclaim cascade 
Hibernate: 
    drop table if exists insuranceclaim cascade 
2025-08-28T14:50:34.628+03:00 DEBUG 13808 --- [           main] org.hibernate.SQL                        : 
    drop table if exists insurancepolicy cascade 
Hibernate: 
    drop table if exists insurancepolicy cascade 
2025-08-28T14:50:34.628+03:00 DEBUG 13808 --- [           main] org.hibernate.SQL                        : 
    drop table if exists owner cascade 
Hibernate: 
    drop table if exists owner cascade 
2025-08-28T14:50:34.628+03:00 DEBUG 13808 --- [           main] org.hibernate.SQL                        : 
    create table car (
        year_of_manufacture integer not null,
        id bigint generated by default as identity,
        owner_id bigint not null,
        vin varchar(32) not null,
        make varchar(255),
        model varchar(255),
        primary key (id)
    )
Hibernate: 
    create table car (
        year_of_manufacture integer not null,
        id bigint generated by default as identity,
        owner_id bigint not null,
        vin varchar(32) not null,
        make varchar(255),
        model varchar(255),
        primary key (id)
    )
2025-08-28T14:50:34.628+03:00 DEBUG 13808 --- [           main] org.hibernate.SQL                        : 
    create table insuranceclaim (
        amount numeric(14,2) not null,
        claim_date date not null,
        car_id bigint not null,
        id bigint generated by default as identity,
        description varchar(1000) not null,
        primary key (id)
    )
Hibernate: 
    create table insuranceclaim (
        amount numeric(14,2) not null,
        claim_date date not null,
        car_id bigint not null,
        id bigint generated by default as identity,
        description varchar(1000) not null,
        primary key (id)
    )
2025-08-28T14:50:34.628+03:00 DEBUG 13808 --- [           main] org.hibernate.SQL                        : 
    create table insurancepolicy (
        end_date date not null,
        expiry_logged boolean not null,
        start_date date not null,
        car_id bigint not null,
        id bigint generated by default as identity,
        provider varchar(255),
        primary key (id)
    )
Hibernate: 
    create table insurancepolicy (
        end_date date not null,
        expiry_logged boolean not null,
        start_date date not null,
        car_id bigint not null,
        id bigint generated by default as identity,
        provider varchar(255),
        primary key (id)
    )
2025-08-28T14:50:34.644+03:00 DEBUG 13808 --- [           main] org.hibernate.SQL                        : 
    create table owner (
        id bigint generated by default as identity,
        email varchar(255),
        name varchar(255) not null,
        primary key (id)
    )
Hibernate: 
    create table owner (
        id bigint generated by default as identity,
        email varchar(255),
        name varchar(255) not null,
        primary key (id)
    )
2025-08-28T14:50:34.644+03:00 DEBUG 13808 --- [           main] org.hibernate.SQL                        : 
    alter table if exists car 
       add constraint FK4ec59hmbtvq3tjp1xcluis1j6 
       foreign key (owner_id) 
       references owner
Hibernate: 
    alter table if exists car 
       add constraint FK4ec59hmbtvq3tjp1xcluis1j6 
       foreign key (owner_id) 
       references owner
2025-08-28T14:50:34.644+03:00 DEBUG 13808 --- [           main] org.hibernate.SQL                        : 
    alter table if exists insuranceclaim 
       add constraint FKdhae1os6dvbdhk1hw0gi3cp9n 
       foreign key (car_id) 
       references car
Hibernate: 
    alter table if exists insuranceclaim 
       add constraint FKdhae1os6dvbdhk1hw0gi3cp9n 
       foreign key (car_id) 
       references car
2025-08-28T14:50:34.657+03:00 DEBUG 13808 --- [           main] org.hibernate.SQL                        : 
    alter table if exists insurancepolicy 
       add constraint FK2wtbxsrrp6ndspo8jekfbfa0v 
       foreign key (car_id) 
       references car
Hibernate: 
    alter table if exists insurancepolicy 
       add constraint FK2wtbxsrrp6ndspo8jekfbfa0v 
       foreign key (car_id) 
       references car
2025-08-28T14:50:34.663+03:00  INFO 13808 --- [           main] j.LocalContainerEntityManagerFactoryBean : Initialized JPA EntityManagerFactory for persistence unit 'default'
2025-08-28T14:50:35.469+03:00  WARN 13808 --- [           main] JpaBaseConfiguration$JpaWebConfiguration : spring.jpa.open-in-view is enabled by default. Therefore, database queries may be performed during view rendering. Explicitly configure spring.jpa.open-in-view to disable this warning
2025-08-28T14:50:35.889+03:00  INFO 13808 --- [           main] o.s.b.a.h2.H2ConsoleAutoConfiguration    : H2 console available at '/h2-console'. Database available at 'jdbc:h2:mem:carins'
2025-08-28T14:50:35.916+03:00 DEBUG 13808 --- [           main] o.s.jdbc.datasource.init.ScriptUtils     : Executing SQL script from class path resource [data.sql]
2025-08-28T14:50:35.943+03:00 DEBUG 13808 --- [           main] o.s.jdbc.datasource.init.ScriptUtils     : 1 returned as update count for SQL: INSERT INTO owner (id, name, email) VALUES (1, 'Ana Pop', 'ana.pop@example.com')
2025-08-28T14:50:35.946+03:00 DEBUG 13808 --- [           main] o.s.jdbc.datasource.init.ScriptUtils     : 1 returned as update count for SQL: INSERT INTO owner (id, name, email) VALUES (2, 'Bogdan Ionescu', 'bogdan.ionescu@example.com')
2025-08-28T14:50:35.970+03:00 DEBUG 13808 --- [           main] o.s.jdbc.datasource.init.ScriptUtils     : 1 returned as update count for SQL: INSERT INTO car (id, vin, make, model, year_of_manufacture, owner_id) VALUES (1, 'VIN12345', 'Dacia', 'Logan', 2018, 1)
2025-08-28T14:50:35.972+03:00 DEBUG 13808 --- [           main] o.s.jdbc.datasource.init.ScriptUtils     : 1 returned as update count for SQL: INSERT INTO car (id, vin, make, model, year_of_manufacture, owner_id) VALUES (2, 'VIN67890', 'VW', 'Golf', 2021, 2)
2025-08-28T14:50:35.974+03:00 DEBUG 13808 --- [           main] o.s.jdbc.datasource.init.ScriptUtils     : 1 returned as update count for SQL: INSERT INTO insurancepolicy (id, car_id, provider, start_date, end_date, expiry_logged) VALUES (1, 1, 'Allianz', DATE '2024-01-01', DATE '2024-12-31', FALSE)
2025-08-28T14:50:35.976+03:00 DEBUG 13808 --- [           main] o.s.jdbc.datasource.init.ScriptUtils     : 1 returned as update count for SQL: INSERT INTO insurancepolicy (id, car_id, provider, start_date, end_date, expiry_logged) VALUES (2, 1, 'Groupama', DATE '2025-01-01', DATE '2025-12-31', FALSE)
2025-08-28T14:50:35.977+03:00 DEBUG 13808 --- [           main] o.s.jdbc.datasource.init.ScriptUtils     : 1 returned as update count for SQL: INSERT INTO insurancepolicy (id, car_id, provider, start_date, end_date, expiry_logged) VALUES (3, 2, 'Allianz', DATE '2025-03-01', DATE '2025-09-30', FALSE)
2025-08-28T14:50:35.981+03:00 DEBUG 13808 --- [           main] o.s.jdbc.datasource.init.ScriptUtils     : 1 returned as update count for SQL: INSERT INTO insuranceclaim (car_id, claim_date, description, amount) VALUES (1, DATE '2025-06-15', 'Rear bumper damage', 950.00)
2025-08-28T14:50:35.984+03:00 DEBUG 13808 --- [           main] o.s.jdbc.datasource.init.ScriptUtils     : 0 returned as update count for SQL: ALTER TABLE insurancepolicy ALTER COLUMN id RESTART WITH 100
2025-08-28T14:50:35.985+03:00 DEBUG 13808 --- [           main] o.s.jdbc.datasource.init.ScriptUtils     : 0 returned as update count for SQL: ALTER TABLE insuranceclaim ALTER COLUMN id RESTART WITH 100
2025-08-28T14:50:35.986+03:00 DEBUG 13808 --- [           main] o.s.jdbc.datasource.init.ScriptUtils     : Executed SQL script from class path resource [data.sql] in 49 ms.
2025-08-28T14:50:36.101+03:00  INFO 13808 --- [           main] o.s.b.t.m.w.SpringBootMockServletContext : Initializing Spring TestDispatcherServlet ''
2025-08-28T14:50:36.101+03:00  INFO 13808 --- [           main] o.s.t.web.servlet.TestDispatcherServlet  : Initializing Servlet ''
2025-08-28T14:50:36.104+03:00  INFO 13808 --- [           main] o.s.t.web.servlet.TestDispatcherServlet  : Completed initialization in 2 ms
2025-08-28T14:50:36.167+03:00  INFO 13808 --- [           main] c.example.carins.PolicyControllerTests   : Started PolicyControllerTests in 3.111 seconds (process running for 29.647)
2025-08-28T14:50:36.628+03:00 DEBUG 13808 --- [           main] org.hibernate.SQL                        : 
    select
        c1_0.id,
        c1_0.make,
        c1_0.model,
        c1_0.owner_id,
        c1_0.vin,
        c1_0.year_of_manufacture 
    from
        car c1_0 
    where
        c1_0.id=?
Hibernate: 
    select
        c1_0.id,
        c1_0.make,
        c1_0.model,
        c1_0.owner_id,
        c1_0.vin,
        c1_0.year_of_manufacture 
    from
        car c1_0 
    where
        c1_0.id=?
]]></system-out>
  </testcase>
  <testcase name="createPolicy_missingEndDate_returns400" classname="com.example.carins.PolicyControllerTests" time="0.153"/>
</testsuite>